Arguments: 
  C:\Program Files (x86)\nodejs\node.exe C:\Program Files (x86)\Yarn\bin\yarn.js add axios

PATH: 
  C:\Python311\Scripts\;C:\Python311\;C:\WINDOWS\system32;C:\WINDOWS;C:\WINDOWS\System32\Wbem;C:\WINDOWS\System32\WindowsPowerShell\v1.0\;C:\Program Files\Microsoft SQL Server\120\Tools\Binn\;C:\Program Files\Microsoft SQL Server\110\Tools\Binn\;C:\Users\Gise\.dnx\bin;C:\Program Files\Microsoft DNX\Dnvm\;C:\Program Files (x86)\Windows Kits\8.1\Windows Performance Toolkit\;C:\Users\Gise\AppData\Local\Microsoft\WindowsApps;C:\adb;C:\OpenCV2.0\bin;C:\Path\To\Your\sdk\tools;C:\Program Files\Git\cmd;C:\MAMP\bin\php\php7.2.1;C:\composer;C:\Program Files (x86)\Yarn\bin\;C:\ProgramData\chocolatey\bin;C:\Program Files (x86)\nodejs\;C:\Ruby27-x64\bin;C:\Users\Gise\AppData\Roaming\Composer\vendor\bin;C:\Users\Gise\AppData\Local\Programs\Microsoft VS Code\bin;C:\Users\Gise\AppData\Local\Yarn\bin;C:\Users\Gise\AppData\Roaming\npm

Yarn version: 
  1.22.5

Node version: 
  18.12.1

Platform: 
  win32 ia32

Trace: 
  Error: ENOENT: no such file or directory, open 'C:\Users\Gise\AppData\Local\Yarn\Cache\v6\npm-@esbuild-win32-ia32-0.17.15-c362b88b3df21916ed7bcf75c6d09c6bf3ae354a-integrity\node_modules\@esbuild\win32-ia32\.yarn-metadata.json'

npm manifest: 
  {
    "name": "vite-project",
    "private": true,
    "version": "0.0.0",
    "type": "module",
    "scripts": {
      "dev": "vite",
      "build": "vite build",
      "preview": "vite preview"
    },
    "dependencies": {
      "react": "^18.2.0",
      "react-dom": "^18.2.0"
    },
    "devDependencies": {
      "@types/react": "^18.0.26",
      "@types/react-dom": "^18.0.9",
      "@vitejs/plugin-react": "^3.0.0",
      "vite": "^4.0.0"
    }
  }

yarn manifest: 
  No manifest

Lockfile: 
  No lockfile
